Determining if the pthread_create exist failed with the following output:
Change Dir: /home/zxy/catkin_ws/build/CMakeFiles/CMakeTmp

Run Build Command:"/usr/bin/make" "cmTC_74a40/fast"
/usr/bin/make -f CMakeFiles/cmTC_74a40.dir/build.make CMakeFiles/cmTC_74a40.dir/build
make[1]: 进入目录“/home/zxy/catkin_ws/build/CMakeFiles/CMakeTmp”
Building C object CMakeFiles/cmTC_74a40.dir/CheckSymbolExists.c.o
/usr/bin/cc    -o CMakeFiles/cmTC_74a40.dir/CheckSymbolExists.c.o   -c /home/zxy/catkin_ws/build/CMakeFiles/CMakeTmp/CheckSymbolExists.c
Linking C executable cmTC_74a40
/usr/bin/cmake -E cmake_link_script CMakeFiles/cmTC_74a40.dir/link.txt --verbose=1
/usr/bin/cc      -rdynamic CMakeFiles/cmTC_74a40.dir/CheckSymbolExists.c.o  -o cmTC_74a40 
CMakeFiles/cmTC_74a40.dir/CheckSymbolExists.c.o：在函数‘main’中：
CheckSymbolExists.c:(.text+0x1b)：对‘pthread_create’未定义的引用
collect2: error: ld returned 1 exit status
CMakeFiles/cmTC_74a40.dir/build.make:97: recipe for target 'cmTC_74a40' failed
make[1]: *** [cmTC_74a40] Error 1
make[1]: 离开目录“/home/zxy/catkin_ws/build/CMakeFiles/CMakeTmp”
Makefile:126: recipe for target 'cmTC_74a40/fast' failed
make: *** [cmTC_74a40/fast] Error 2

File /home/zxy/catkin_ws/build/CMakeFiles/CMakeTmp/CheckSymbolExists.c:
/* */
#include <pthread.h>

int main(int argc, char** argv)
{
  (void)argv;
#ifndef pthread_create
  return ((int*)(&pthread_create))[argc];
#else
  (void)argc;
  return 0;
#endif
}

Determining if the function pthread_create exists in the pthreads failed with the following output:
Change Dir: /home/zxy/catkin_ws/build/CMakeFiles/CMakeTmp

Run Build Command:"/usr/bin/make" "cmTC_1b5ae/fast"
/usr/bin/make -f CMakeFiles/cmTC_1b5ae.dir/build.make CMakeFiles/cmTC_1b5ae.dir/build
make[1]: 进入目录“/home/zxy/catkin_ws/build/CMakeFiles/CMakeTmp”
Building C object CMakeFiles/cmTC_1b5ae.dir/CheckFunctionExists.c.o
/usr/bin/cc   -DCHECK_FUNCTION_EXISTS=pthread_create   -o CMakeFiles/cmTC_1b5ae.dir/CheckFunctionExists.c.o   -c /usr/share/cmake-3.10/Modules/CheckFunctionExists.c
Linking C executable cmTC_1b5ae
/usr/bin/cmake -E cmake_link_script CMakeFiles/cmTC_1b5ae.dir/link.txt --verbose=1
/usr/bin/cc  -DCHECK_FUNCTION_EXISTS=pthread_create    -rdynamic CMakeFiles/cmTC_1b5ae.dir/CheckFunctionExists.c.o  -o cmTC_1b5ae -lpthreads 
/usr/bin/ld: 找不到 -lpthreads
collect2: error: ld returned 1 exit status
CMakeFiles/cmTC_1b5ae.dir/build.make:97: recipe for target 'cmTC_1b5ae' failed
make[1]: *** [cmTC_1b5ae] Error 1
make[1]: 离开目录“/home/zxy/catkin_ws/build/CMakeFiles/CMakeTmp”
Makefile:126: recipe for target 'cmTC_1b5ae/fast' failed
make: *** [cmTC_1b5ae/fast] Error 2


Determining if the Q_WS_WIN exist failed with the following output:
Change Dir: /home/zxy/catkin_ws/build/CMakeFiles/CMakeTmp

Run Build Command:"/usr/bin/make" "cmTC_39eaf/fast"
make[1]: 进入目录“/home/zxy/catkin_ws/build/CMakeFiles/CMakeTmp”
/usr/bin/make -f CMakeFiles/cmTC_39eaf.dir/build.make CMakeFiles/cmTC_39eaf.dir/build
make[2]: 进入目录“/home/zxy/catkin_ws/build/CMakeFiles/CMakeTmp”
Building CXX object CMakeFiles/cmTC_39eaf.dir/CheckSymbolExists.cxx.o
/usr/bin/c++   -I/usr/include/qt4   -o CMakeFiles/cmTC_39eaf.dir/CheckSymbolExists.cxx.o -c /home/zxy/catkin_ws/build/CMakeFiles/CMakeTmp/CheckSymbolExists.cxx
/home/zxy/catkin_ws/build/CMakeFiles/CMakeTmp/CheckSymbolExists.cxx: In function ‘int main(int, char**)’:
/home/zxy/catkin_ws/build/CMakeFiles/CMakeTmp/CheckSymbolExists.cxx:8:19: error: ‘Q_WS_WIN’ was not declared in this scope
   return ((int*)(&Q_WS_WIN))[argc];
                   ^~~~~~~~
/home/zxy/catkin_ws/build/CMakeFiles/CMakeTmp/CheckSymbolExists.cxx:8:19: note: suggested alternative: ‘Q_WS_X11’
   return ((int*)(&Q_WS_WIN))[argc];
                   ^~~~~~~~
                   Q_WS_X11
CMakeFiles/cmTC_39eaf.dir/build.make:65: recipe for target 'CMakeFiles/cmTC_39eaf.dir/CheckSymbolExists.cxx.o' failed
make[2]: *** [CMakeFiles/cmTC_39eaf.dir/CheckSymbolExists.cxx.o] Error 1
make[2]: 离开目录“/home/zxy/catkin_ws/build/CMakeFiles/CMakeTmp”
Makefile:126: recipe for target 'cmTC_39eaf/fast' failed
make[1]: *** [cmTC_39eaf/fast] Error 2
make[1]: 离开目录“/home/zxy/catkin_ws/build/CMakeFiles/CMakeTmp”

File /home/zxy/catkin_ws/build/CMakeFiles/CMakeTmp/CheckSymbolExists.cxx:
/* */
#include <QtCore/qglobal.h>

int main(int argc, char** argv)
{
  (void)argv;
#ifndef Q_WS_WIN
  return ((int*)(&Q_WS_WIN))[argc];
#else
  (void)argc;
  return 0;
#endif
}

Determining if the Q_WS_QWS exist failed with the following output:
Change Dir: /home/zxy/catkin_ws/build/CMakeFiles/CMakeTmp

Run Build Command:"/usr/bin/make" "cmTC_464df/fast"
make[1]: 进入目录“/home/zxy/catkin_ws/build/CMakeFiles/CMakeTmp”
/usr/bin/make -f CMakeFiles/cmTC_464df.dir/build.make CMakeFiles/cmTC_464df.dir/build
make[2]: 进入目录“/home/zxy/catkin_ws/build/CMakeFiles/CMakeTmp”
Building CXX object CMakeFiles/cmTC_464df.dir/CheckSymbolExists.cxx.o
/usr/bin/c++   -I/usr/include/qt4   -o CMakeFiles/cmTC_464df.dir/CheckSymbolExists.cxx.o -c /home/zxy/catkin_ws/build/CMakeFiles/CMakeTmp/CheckSymbolExists.cxx
/home/zxy/catkin_ws/build/CMakeFiles/CMakeTmp/CheckSymbolExists.cxx: In function ‘int main(int, char**)’:
/home/zxy/catkin_ws/build/CMakeFiles/CMakeTmp/CheckSymbolExists.cxx:8:19: error: ‘Q_WS_QWS’ was not declared in this scope
   return ((int*)(&Q_WS_QWS))[argc];
                   ^~~~~~~~
/home/zxy/catkin_ws/build/CMakeFiles/CMakeTmp/CheckSymbolExists.cxx:8:19: note: suggested alternative: ‘Q_WS_X11’
   return ((int*)(&Q_WS_QWS))[argc];
                   ^~~~~~~~
                   Q_WS_X11
CMakeFiles/cmTC_464df.dir/build.make:65: recipe for target 'CMakeFiles/cmTC_464df.dir/CheckSymbolExists.cxx.o' failed
make[2]: *** [CMakeFiles/cmTC_464df.dir/CheckSymbolExists.cxx.o] Error 1
make[2]: 离开目录“/home/zxy/catkin_ws/build/CMakeFiles/CMakeTmp”
Makefile:126: recipe for target 'cmTC_464df/fast' failed
make[1]: *** [cmTC_464df/fast] Error 2
make[1]: 离开目录“/home/zxy/catkin_ws/build/CMakeFiles/CMakeTmp”

File /home/zxy/catkin_ws/build/CMakeFiles/CMakeTmp/CheckSymbolExists.cxx:
/* */
#include <QtCore/qglobal.h>

int main(int argc, char** argv)
{
  (void)argv;
#ifndef Q_WS_QWS
  return ((int*)(&Q_WS_QWS))[argc];
#else
  (void)argc;
  return 0;
#endif
}

Determining if the Q_WS_MAC exist failed with the following output:
Change Dir: /home/zxy/catkin_ws/build/CMakeFiles/CMakeTmp

Run Build Command:"/usr/bin/make" "cmTC_42845/fast"
make[1]: 进入目录“/home/zxy/catkin_ws/build/CMakeFiles/CMakeTmp”
/usr/bin/make -f CMakeFiles/cmTC_42845.dir/build.make CMakeFiles/cmTC_42845.dir/build
make[2]: 进入目录“/home/zxy/catkin_ws/build/CMakeFiles/CMakeTmp”
Building CXX object CMakeFiles/cmTC_42845.dir/CheckSymbolExists.cxx.o
/usr/bin/c++   -I/usr/include/qt4   -o CMakeFiles/cmTC_42845.dir/CheckSymbolExists.cxx.o -c /home/zxy/catkin_ws/build/CMakeFiles/CMakeTmp/CheckSymbolExists.cxx
/home/zxy/catkin_ws/build/CMakeFiles/CMakeTmp/CheckSymbolExists.cxx: In function ‘int main(int, char**)’:
/home/zxy/catkin_ws/build/CMakeFiles/CMakeTmp/CheckSymbolExists.cxx:8:19: error: ‘Q_WS_MAC’ was not declared in this scope
   return ((int*)(&Q_WS_MAC))[argc];
                   ^~~~~~~~
/home/zxy/catkin_ws/build/CMakeFiles/CMakeTmp/CheckSymbolExists.cxx:8:19: note: suggested alternative: ‘Q_WS_X11’
   return ((int*)(&Q_WS_MAC))[argc];
                   ^~~~~~~~
                   Q_WS_X11
CMakeFiles/cmTC_42845.dir/build.make:65: recipe for target 'CMakeFiles/cmTC_42845.dir/CheckSymbolExists.cxx.o' failed
make[2]: *** [CMakeFiles/cmTC_42845.dir/CheckSymbolExists.cxx.o] Error 1
make[2]: 离开目录“/home/zxy/catkin_ws/build/CMakeFiles/CMakeTmp”
Makefile:126: recipe for target 'cmTC_42845/fast' failed
make[1]: *** [cmTC_42845/fast] Error 2
make[1]: 离开目录“/home/zxy/catkin_ws/build/CMakeFiles/CMakeTmp”

File /home/zxy/catkin_ws/build/CMakeFiles/CMakeTmp/CheckSymbolExists.cxx:
/* */
#include <QtCore/qglobal.h>

int main(int argc, char** argv)
{
  (void)argv;
#ifndef Q_WS_MAC
  return ((int*)(&Q_WS_MAC))[argc];
#else
  (void)argc;
  return 0;
#endif
}

